
*** Running vivado
    with args -log ultra_psr_clk3_100_0.vds -m64 -product Vivado -mode batch -messageDb vivado.pb -notrace -source ultra_psr_clk3_100_0.tcl


****** Vivado v2019.2.1 (64-bit)
  **** SW Build 2729669 on Thu Dec  5 04:48:12 MST 2019
  **** IP Build 2729494 on Thu Dec  5 07:38:25 MST 2019
    ** Copyright 1986-2019 Xilinx, Inc. All Rights Reserved.

source ultra_psr_clk3_100_0.tcl -notrace
Command: synth_design -top ultra_psr_clk3_100_0 -part xczu3eg-sbva484-1-i -mode out_of_context
Starting synth_design
Attempting to get a license for feature 'Synthesis' and/or device 'xczu3eg'
INFO: [Common 17-349] Got license for feature 'Synthesis' and/or device 'xczu3eg'
INFO: [Device 21-403] Loading part xczu3eg-sbva484-1-i
INFO: Launching helper process for spawning children vivado processes
INFO: Helper process launched with PID 21049 
---------------------------------------------------------------------------------
Starting RTL Elaboration : Time (s): cpu = 00:00:02 ; elapsed = 00:00:03 . Memory (MB): peak = 2379.918 ; gain = 0.000 ; free physical = 101145 ; free virtual = 120448
---------------------------------------------------------------------------------
INFO: [Synth 8-638] synthesizing module 'ultra_psr_clk3_100_0' [/mnt/500GB/home/steve/TCN/ultra/ultra/ultra.srcs/sources_1/bd/ultra/ip/ultra_psr_clk3_100_0/synth/ultra_psr_clk3_100_0.vhd:74]
	Parameter C_FAMILY bound to: zynquplus - type: string 
	Parameter C_EXT_RST_WIDTH bound to: 4 - type: integer 
	Parameter C_AUX_RST_WIDTH bound to: 4 - type: integer 
	Parameter C_EXT_RESET_HIGH bound to: 1'b0 
	Parameter C_AUX_RESET_HIGH bound to: 1'b0 
	Parameter C_NUM_BUS_RST bound to: 1 - type: integer 
	Parameter C_NUM_PERP_RST bound to: 1 - type: integer 
	Parameter C_NUM_INTERCONNECT_ARESETN bound to: 1 - type: integer 
	Parameter C_NUM_PERP_ARESETN bound to: 1 - type: integer 
INFO: [Synth 8-3491] module 'proc_sys_reset' declared at '/mnt/500GB/home/steve/TCN/ultra/ultra/ultra.srcs/sources_1/bd/ultra/ipshared/8842/hdl/proc_sys_reset_v5_0_vh_rfs.vhd:1264' bound to instance 'U0' of component 'proc_sys_reset' [/mnt/500GB/home/steve/TCN/ultra/ultra/ultra.srcs/sources_1/bd/ultra/ip/ultra_psr_clk3_100_0/synth/ultra_psr_clk3_100_0.vhd:129]
INFO: [Synth 8-638] synthesizing module 'proc_sys_reset' [/mnt/500GB/home/steve/TCN/ultra/ultra/ultra.srcs/sources_1/bd/ultra/ipshared/8842/hdl/proc_sys_reset_v5_0_vh_rfs.vhd:1323]
	Parameter C_FAMILY bound to: zynquplus - type: string 
	Parameter C_EXT_RST_WIDTH bound to: 4 - type: integer 
	Parameter C_AUX_RST_WIDTH bound to: 4 - type: integer 
	Parameter C_EXT_RESET_HIGH bound to: 1'b0 
	Parameter C_AUX_RESET_HIGH bound to: 1'b0 
	Parameter C_NUM_BUS_RST bound to: 1 - type: integer 
	Parameter C_NUM_PERP_RST bound to: 1 - type: integer 
	Parameter C_NUM_INTERCONNECT_ARESETN bound to: 1 - type: integer 
	Parameter C_NUM_PERP_ARESETN bound to: 1 - type: integer 
	Parameter INIT bound to: 1'b1 
	Parameter IS_C_INVERTED bound to: 1'b0 
	Parameter IS_D_INVERTED bound to: 1'b0 
	Parameter IS_R_INVERTED bound to: 1'b0 
INFO: [Synth 8-113] binding component instance 'FDRE_inst' to cell 'FDRE' [/mnt/500GB/home/steve/TCN/ultra/ultra/ultra.srcs/sources_1/bd/ultra/ipshared/8842/hdl/proc_sys_reset_v5_0_vh_rfs.vhd:1392]
	Parameter INIT bound to: 1'b1 
	Parameter IS_C_INVERTED bound to: 1'b0 
	Parameter IS_D_INVERTED bound to: 1'b0 
	Parameter IS_R_INVERTED bound to: 1'b0 
INFO: [Synth 8-113] binding component instance 'FDRE_BSR' to cell 'FDRE' [/mnt/500GB/home/steve/TCN/ultra/ultra/ultra.srcs/sources_1/bd/ultra/ipshared/8842/hdl/proc_sys_reset_v5_0_vh_rfs.vhd:1408]
	Parameter INIT bound to: 1'b0 
	Parameter IS_C_INVERTED bound to: 1'b0 
	Parameter IS_D_INVERTED bound to: 1'b0 
	Parameter IS_R_INVERTED bound to: 1'b0 
INFO: [Synth 8-113] binding component instance 'FDRE_BSR_N' to cell 'FDRE' [/mnt/500GB/home/steve/TCN/ultra/ultra/ultra.srcs/sources_1/bd/ultra/ipshared/8842/hdl/proc_sys_reset_v5_0_vh_rfs.vhd:1434]
	Parameter INIT bound to: 1'b1 
	Parameter IS_C_INVERTED bound to: 1'b0 
	Parameter IS_D_INVERTED bound to: 1'b0 
	Parameter IS_R_INVERTED bound to: 1'b0 
INFO: [Synth 8-113] binding component instance 'FDRE_PER' to cell 'FDRE' [/mnt/500GB/home/steve/TCN/ultra/ultra/ultra.srcs/sources_1/bd/ultra/ipshared/8842/hdl/proc_sys_reset_v5_0_vh_rfs.vhd:1457]
	Parameter INIT bound to: 1'b0 
	Parameter IS_C_INVERTED bound to: 1'b0 
	Parameter IS_D_INVERTED bound to: 1'b0 
	Parameter IS_R_INVERTED bound to: 1'b0 
INFO: [Synth 8-113] binding component instance 'FDRE_PER_N' to cell 'FDRE' [/mnt/500GB/home/steve/TCN/ultra/ultra/ultra.srcs/sources_1/bd/ultra/ipshared/8842/hdl/proc_sys_reset_v5_0_vh_rfs.vhd:1481]
INFO: [Synth 8-638] synthesizing module 'lpf' [/mnt/500GB/home/steve/TCN/ultra/ultra/ultra.srcs/sources_1/bd/ultra/ipshared/8842/hdl/proc_sys_reset_v5_0_vh_rfs.vhd:816]
	Parameter C_EXT_RST_WIDTH bound to: 4 - type: integer 
	Parameter C_AUX_RST_WIDTH bound to: 4 - type: integer 
	Parameter C_EXT_RESET_HIGH bound to: 1'b0 
	Parameter C_AUX_RESET_HIGH bound to: 1'b0 
INFO: [Synth 8-3491] module 'SRL16' declared at '/tools/Xilinx/Vivado/2019.2/scripts/rt/data/unisim_comp.v:78190' bound to instance 'POR_SRL_I' of component 'SRL16' [/mnt/500GB/home/steve/TCN/ultra/ultra/ultra.srcs/sources_1/bd/ultra/ipshared/8842/hdl/proc_sys_reset_v5_0_vh_rfs.vhd:868]
INFO: [Synth 8-6157] synthesizing module 'SRL16' [/tools/Xilinx/Vivado/2019.2/scripts/rt/data/unisim_comp.v:78190]
	Parameter INIT bound to: 16'b0000000000000000 
INFO: [Synth 8-6155] done synthesizing module 'SRL16' (1#1) [/tools/Xilinx/Vivado/2019.2/scripts/rt/data/unisim_comp.v:78190]
INFO: [Synth 8-638] synthesizing module 'cdc_sync' [/mnt/500GB/home/steve/TCN/ultra/ultra/ultra.srcs/sources_1/bd/ultra/ipshared/ef1e/hdl/lib_cdc_v1_0_rfs.vhd:106]
	Parameter C_CDC_TYPE bound to: 1 - type: integer 
	Parameter C_RESET_STATE bound to: 0 - type: integer 
	Parameter C_SINGLE_BIT bound to: 1 - type: integer 
	Parameter C_FLOP_INPUT bound to: 0 - type: integer 
	Parameter C_VECTOR_WIDTH bound to: 2 - type: integer 
	Parameter C_MTBF_STAGES bound to: 4 - type: integer 
	Parameter INIT bound to: 1'b0 
INFO: [Synth 8-113] binding component instance 'CROSS_PLEVEL_IN2SCNDRY_IN_cdc_to' to cell 'FDR' [/mnt/500GB/home/steve/TCN/ultra/ultra/ultra.srcs/sources_1/bd/ultra/ipshared/ef1e/hdl/lib_cdc_v1_0_rfs.vhd:514]
	Parameter INIT bound to: 1'b0 
INFO: [Synth 8-113] binding component instance 'CROSS_PLEVEL_IN2SCNDRY_s_level_out_d2' to cell 'FDR' [/mnt/500GB/home/steve/TCN/ultra/ultra/ultra.srcs/sources_1/bd/ultra/ipshared/ef1e/hdl/lib_cdc_v1_0_rfs.vhd:545]
	Parameter INIT bound to: 1'b0 
INFO: [Synth 8-113] binding component instance 'CROSS_PLEVEL_IN2SCNDRY_s_level_out_d3' to cell 'FDR' [/mnt/500GB/home/steve/TCN/ultra/ultra/ultra.srcs/sources_1/bd/ultra/ipshared/ef1e/hdl/lib_cdc_v1_0_rfs.vhd:554]
	Parameter INIT bound to: 1'b0 
INFO: [Synth 8-113] binding component instance 'CROSS_PLEVEL_IN2SCNDRY_s_level_out_d4' to cell 'FDR' [/mnt/500GB/home/steve/TCN/ultra/ultra/ultra.srcs/sources_1/bd/ultra/ipshared/ef1e/hdl/lib_cdc_v1_0_rfs.vhd:564]
	Parameter INIT bound to: 1'b0 
INFO: [Synth 8-113] binding component instance 'CROSS_PLEVEL_IN2SCNDRY_s_level_out_d5' to cell 'FDR' [/mnt/500GB/home/steve/TCN/ultra/ultra/ultra.srcs/sources_1/bd/ultra/ipshared/ef1e/hdl/lib_cdc_v1_0_rfs.vhd:574]
	Parameter INIT bound to: 1'b0 
INFO: [Synth 8-113] binding component instance 'CROSS_PLEVEL_IN2SCNDRY_s_level_out_d6' to cell 'FDR' [/mnt/500GB/home/steve/TCN/ultra/ultra/ultra.srcs/sources_1/bd/ultra/ipshared/ef1e/hdl/lib_cdc_v1_0_rfs.vhd:584]
INFO: [Synth 8-256] done synthesizing module 'cdc_sync' (2#1) [/mnt/500GB/home/steve/TCN/ultra/ultra/ultra.srcs/sources_1/bd/ultra/ipshared/ef1e/hdl/lib_cdc_v1_0_rfs.vhd:106]
INFO: [Synth 8-256] done synthesizing module 'lpf' (3#1) [/mnt/500GB/home/steve/TCN/ultra/ultra/ultra.srcs/sources_1/bd/ultra/ipshared/8842/hdl/proc_sys_reset_v5_0_vh_rfs.vhd:816]
INFO: [Synth 8-638] synthesizing module 'sequence_psr' [/mnt/500GB/home/steve/TCN/ultra/ultra/ultra.srcs/sources_1/bd/ultra/ipshared/8842/hdl/proc_sys_reset_v5_0_vh_rfs.vhd:301]
INFO: [Synth 8-638] synthesizing module 'upcnt_n' [/mnt/500GB/home/steve/TCN/ultra/ultra/ultra.srcs/sources_1/bd/ultra/ipshared/8842/hdl/proc_sys_reset_v5_0_vh_rfs.vhd:125]
	Parameter C_SIZE bound to: 6 - type: integer 
INFO: [Synth 8-256] done synthesizing module 'upcnt_n' (4#1) [/mnt/500GB/home/steve/TCN/ultra/ultra/ultra.srcs/sources_1/bd/ultra/ipshared/8842/hdl/proc_sys_reset_v5_0_vh_rfs.vhd:125]
INFO: [Synth 8-256] done synthesizing module 'sequence_psr' (5#1) [/mnt/500GB/home/steve/TCN/ultra/ultra/ultra.srcs/sources_1/bd/ultra/ipshared/8842/hdl/proc_sys_reset_v5_0_vh_rfs.vhd:301]
INFO: [Synth 8-256] done synthesizing module 'proc_sys_reset' (6#1) [/mnt/500GB/home/steve/TCN/ultra/ultra/ultra.srcs/sources_1/bd/ultra/ipshared/8842/hdl/proc_sys_reset_v5_0_vh_rfs.vhd:1323]
INFO: [Synth 8-256] done synthesizing module 'ultra_psr_clk3_100_0' (7#1) [/mnt/500GB/home/steve/TCN/ultra/ultra/ultra.srcs/sources_1/bd/ultra/ip/ultra_psr_clk3_100_0/synth/ultra_psr_clk3_100_0.vhd:74]
WARNING: [Synth 8-3331] design cdc_sync has unconnected port prmry_aclk
WARNING: [Synth 8-3331] design cdc_sync has unconnected port prmry_resetn
WARNING: [Synth 8-3331] design cdc_sync has unconnected port prmry_vect_in[1]
WARNING: [Synth 8-3331] design cdc_sync has unconnected port prmry_vect_in[0]
WARNING: [Synth 8-3331] design cdc_sync has unconnected port scndry_resetn
---------------------------------------------------------------------------------
Finished RTL Elaboration : Time (s): cpu = 00:00:03 ; elapsed = 00:00:04 . Memory (MB): peak = 2433.727 ; gain = 53.809 ; free physical = 101269 ; free virtual = 120577
---------------------------------------------------------------------------------

Report Check Netlist: 
+------+------------------+-------+---------+-------+------------------+
|      |Item              |Errors |Warnings |Status |Description       |
+------+------------------+-------+---------+-------+------------------+
|1     |multi_driven_nets |      0|        0|Passed |Multi driven nets |
+------+------------------+-------+---------+-------+------------------+
---------------------------------------------------------------------------------
Start Handling Custom Attributes
---------------------------------------------------------------------------------
---------------------------------------------------------------------------------
Finished Handling Custom Attributes : Time (s): cpu = 00:00:03 ; elapsed = 00:00:04 . Memory (MB): peak = 2436.695 ; gain = 56.777 ; free physical = 101247 ; free virtual = 120555
---------------------------------------------------------------------------------
---------------------------------------------------------------------------------
Finished RTL Optimization Phase 1 : Time (s): cpu = 00:00:03 ; elapsed = 00:00:04 . Memory (MB): peak = 2436.695 ; gain = 56.777 ; free physical = 101247 ; free virtual = 120555
---------------------------------------------------------------------------------
Netlist sorting complete. Time (s): cpu = 00:00:00 ; elapsed = 00:00:00 . Memory (MB): peak = 2448.602 ; gain = 0.000 ; free physical = 101217 ; free virtual = 120525
INFO: [Netlist 29-17] Analyzing 13 Unisim elements for replacement
INFO: [Netlist 29-28] Unisim Transformation completed in 0 CPU seconds
INFO: [Project 1-570] Preparing netlist for logic optimization

Processing XDC Constraints
Initializing timing engine
Parsing XDC File [/mnt/500GB/home/steve/TCN/ultra/ultra/ultra.srcs/sources_1/bd/ultra/ip/ultra_psr_clk3_100_0/ultra_psr_clk3_100_0_ooc.xdc] for cell 'U0'
Finished Parsing XDC File [/mnt/500GB/home/steve/TCN/ultra/ultra/ultra.srcs/sources_1/bd/ultra/ip/ultra_psr_clk3_100_0/ultra_psr_clk3_100_0_ooc.xdc] for cell 'U0'
Parsing XDC File [/mnt/500GB/home/steve/TCN/ultra/ultra/ultra.srcs/sources_1/bd/ultra/ip/ultra_psr_clk3_100_0/ultra_psr_clk3_100_0_board.xdc] for cell 'U0'
Finished Parsing XDC File [/mnt/500GB/home/steve/TCN/ultra/ultra/ultra.srcs/sources_1/bd/ultra/ip/ultra_psr_clk3_100_0/ultra_psr_clk3_100_0_board.xdc] for cell 'U0'
Parsing XDC File [/mnt/500GB/home/steve/TCN/ultra/ultra/ultra.srcs/sources_1/bd/ultra/ip/ultra_psr_clk3_100_0/ultra_psr_clk3_100_0.xdc] for cell 'U0'
Finished Parsing XDC File [/mnt/500GB/home/steve/TCN/ultra/ultra/ultra.srcs/sources_1/bd/ultra/ip/ultra_psr_clk3_100_0/ultra_psr_clk3_100_0.xdc] for cell 'U0'
Parsing XDC File [/mnt/500GB/home/steve/TCN/ultra/ultra/ultra.runs/ultra_psr_clk3_100_0_synth_1/dont_touch.xdc]
Finished Parsing XDC File [/mnt/500GB/home/steve/TCN/ultra/ultra/ultra.runs/ultra_psr_clk3_100_0_synth_1/dont_touch.xdc]
Completed Processing XDC Constraints

Netlist sorting complete. Time (s): cpu = 00:00:00 ; elapsed = 00:00:00 . Memory (MB): peak = 2606.445 ; gain = 0.000 ; free physical = 100912 ; free virtual = 120231
INFO: [Project 1-111] Unisim Transformation Summary:
  A total of 13 instances were transformed.
  FDR => FDRE: 12 instances
  SRL16 => SRL16E: 1 instance 

Constraint Validation Runtime : Time (s): cpu = 00:00:00.01 ; elapsed = 00:00:00.01 . Memory (MB): peak = 2606.445 ; gain = 0.000 ; free physical = 100909 ; free virtual = 120227
---------------------------------------------------------------------------------
Finished Constraint Validation : Time (s): cpu = 00:00:10 ; elapsed = 00:00:14 . Memory (MB): peak = 2606.445 ; gain = 226.527 ; free physical = 101138 ; free virtual = 120459
---------------------------------------------------------------------------------
---------------------------------------------------------------------------------
Start Loading Part and Timing Information
---------------------------------------------------------------------------------
Loading part: xczu3eg-sbva484-1-i
INFO: [Synth 8-6742] Reading net delay rules and data
---------------------------------------------------------------------------------
Finished Loading Part and Timing Information : Time (s): cpu = 00:00:10 ; elapsed = 00:00:14 . Memory (MB): peak = 2606.445 ; gain = 226.527 ; free physical = 101151 ; free virtual = 120472
---------------------------------------------------------------------------------
---------------------------------------------------------------------------------
Start Applying 'set_property' XDC Constraints
---------------------------------------------------------------------------------
Applied set_property DONT_TOUCH = true for U0. (constraint file  /mnt/500GB/home/steve/TCN/ultra/ultra/ultra.runs/ultra_psr_clk3_100_0_synth_1/dont_touch.xdc, line 9).
---------------------------------------------------------------------------------
Finished applying 'set_property' XDC Constraints : Time (s): cpu = 00:00:10 ; elapsed = 00:00:14 . Memory (MB): peak = 2606.445 ; gain = 226.527 ; free physical = 101151 ; free virtual = 120471
---------------------------------------------------------------------------------
INFO: [Synth 8-4471] merging register 'seq_cnt_en_reg' into 'from_sys_reg' [/mnt/500GB/home/steve/TCN/ultra/ultra/ultra.srcs/sources_1/bd/ultra/ipshared/8842/hdl/proc_sys_reset_v5_0_vh_rfs.vhd:377]
---------------------------------------------------------------------------------
Finished RTL Optimization Phase 2 : Time (s): cpu = 00:00:10 ; elapsed = 00:00:14 . Memory (MB): peak = 2606.445 ; gain = 226.527 ; free physical = 101130 ; free virtual = 120452
---------------------------------------------------------------------------------

Report RTL Partitions: 
+-+--------------+------------+----------+
| |RTL Partition |Replication |Instances |
+-+--------------+------------+----------+
+-+--------------+------------+----------+
---------------------------------------------------------------------------------
Start RTL Component Statistics 
---------------------------------------------------------------------------------
Detailed RTL Component Info : 
+---Adders : 
	   2 Input      6 Bit       Adders := 1     
+---Registers : 
	                6 Bit    Registers := 1     
	                3 Bit    Registers := 3     
	                1 Bit    Registers := 8     
+---Muxes : 
	   2 Input      6 Bit        Muxes := 1     
	   2 Input      1 Bit        Muxes := 1     
---------------------------------------------------------------------------------
Finished RTL Component Statistics 
---------------------------------------------------------------------------------
---------------------------------------------------------------------------------
Start RTL Hierarchical Component Statistics 
---------------------------------------------------------------------------------
Hierarchical RTL Component report 
Module lpf 
Detailed RTL Component Info : 
+---Registers : 
	                1 Bit    Registers := 3     
Module upcnt_n 
Detailed RTL Component Info : 
+---Adders : 
	   2 Input      6 Bit       Adders := 1     
+---Registers : 
	                6 Bit    Registers := 1     
+---Muxes : 
	   2 Input      6 Bit        Muxes := 1     
	   2 Input      1 Bit        Muxes := 1     
Module sequence_psr 
Detailed RTL Component Info : 
+---Registers : 
	                3 Bit    Registers := 3     
	                1 Bit    Registers := 5     
---------------------------------------------------------------------------------
Finished RTL Hierarchical Component Statistics
---------------------------------------------------------------------------------
---------------------------------------------------------------------------------
Start Part Resource Summary
---------------------------------------------------------------------------------
Part Resources:
DSPs: 360 (col length:72)
BRAMs: 432 (col length: RAMB18 72 RAMB36 36)
---------------------------------------------------------------------------------
Finished Part Resource Summary
---------------------------------------------------------------------------------
---------------------------------------------------------------------------------
Start Cross Boundary and Area Optimization
---------------------------------------------------------------------------------
Warning: Parallel synthesis criteria is not met 
INFO: [Synth 8-3886] merging instance 'U0/SEQ/pr_dec_reg[1]' (FD) to 'U0/SEQ/bsr_dec_reg[1]'
INFO: [Synth 8-3886] merging instance 'U0/SEQ/bsr_dec_reg[1]' (FD) to 'U0/SEQ/core_dec_reg[1]'
WARNING: [Synth 8-3332] Sequential element (EXT_LPF/ACTIVE_LOW_EXT.ACT_LO_EXT/GENERATE_LEVEL_P_S_CDC.SINGLE_BIT.CROSS_PLEVEL_IN2SCNDRY_s_level_out_d5) is unused and will be removed from module proc_sys_reset.
WARNING: [Synth 8-3332] Sequential element (EXT_LPF/ACTIVE_LOW_EXT.ACT_LO_EXT/GENERATE_LEVEL_P_S_CDC.SINGLE_BIT.CROSS_PLEVEL_IN2SCNDRY_s_level_out_d6) is unused and will be removed from module proc_sys_reset.
WARNING: [Synth 8-3332] Sequential element (EXT_LPF/ACTIVE_LOW_AUX.ACT_LO_AUX/GENERATE_LEVEL_P_S_CDC.SINGLE_BIT.CROSS_PLEVEL_IN2SCNDRY_s_level_out_d5) is unused and will be removed from module proc_sys_reset.
WARNING: [Synth 8-3332] Sequential element (EXT_LPF/ACTIVE_LOW_AUX.ACT_LO_AUX/GENERATE_LEVEL_P_S_CDC.SINGLE_BIT.CROSS_PLEVEL_IN2SCNDRY_s_level_out_d6) is unused and will be removed from module proc_sys_reset.
---------------------------------------------------------------------------------
Finished Cross Boundary and Area Optimization : Time (s): cpu = 00:00:11 ; elapsed = 00:00:15 . Memory (MB): peak = 2606.445 ; gain = 226.527 ; free physical = 101079 ; free virtual = 120412
---------------------------------------------------------------------------------

Report RTL Partitions: 
+-+--------------+------------+----------+
| |RTL Partition |Replication |Instances |
+-+--------------+------------+----------+
+-+--------------+------------+----------+
---------------------------------------------------------------------------------
Start Applying XDC Timing Constraints
---------------------------------------------------------------------------------
---------------------------------------------------------------------------------
Finished Applying XDC Timing Constraints : Time (s): cpu = 00:00:25 ; elapsed = 00:00:44 . Memory (MB): peak = 3059.203 ; gain = 679.285 ; free physical = 98472 ; free virtual = 117832
---------------------------------------------------------------------------------
---------------------------------------------------------------------------------
Start Timing Optimization
---------------------------------------------------------------------------------
---------------------------------------------------------------------------------
Finished Timing Optimization : Time (s): cpu = 00:00:25 ; elapsed = 00:00:44 . Memory (MB): peak = 3060.203 ; gain = 680.285 ; free physical = 98472 ; free virtual = 117831
---------------------------------------------------------------------------------

Report RTL Partitions: 
+-+--------------+------------+----------+
| |RTL Partition |Replication |Instances |
+-+--------------+------------+----------+
+-+--------------+------------+----------+
---------------------------------------------------------------------------------
Start Technology Mapping
---------------------------------------------------------------------------------
---------------------------------------------------------------------------------
Finished Technology Mapping : Time (s): cpu = 00:00:25 ; elapsed = 00:00:44 . Memory (MB): peak = 3069.219 ; gain = 689.301 ; free physical = 98466 ; free virtual = 117826
---------------------------------------------------------------------------------

Report RTL Partitions: 
+-+--------------+------------+----------+
| |RTL Partition |Replication |Instances |
+-+--------------+------------+----------+
+-+--------------+------------+----------+
---------------------------------------------------------------------------------
Start IO Insertion
---------------------------------------------------------------------------------
---------------------------------------------------------------------------------
Start Flattening Before IO Insertion
---------------------------------------------------------------------------------
---------------------------------------------------------------------------------
Finished Flattening Before IO Insertion
---------------------------------------------------------------------------------
---------------------------------------------------------------------------------
Start Final Netlist Cleanup
---------------------------------------------------------------------------------
---------------------------------------------------------------------------------
Finished Final Netlist Cleanup
---------------------------------------------------------------------------------
---------------------------------------------------------------------------------
Finished IO Insertion : Time (s): cpu = 00:00:27 ; elapsed = 00:00:46 . Memory (MB): peak = 3085.062 ; gain = 705.145 ; free physical = 98466 ; free virtual = 117825
---------------------------------------------------------------------------------
---------------------------------------------------------------------------------
Start Renaming Generated Instances
---------------------------------------------------------------------------------
---------------------------------------------------------------------------------
Finished Renaming Generated Instances : Time (s): cpu = 00:00:27 ; elapsed = 00:00:46 . Memory (MB): peak = 3085.062 ; gain = 705.145 ; free physical = 98466 ; free virtual = 117825
---------------------------------------------------------------------------------

Report RTL Partitions: 
+-+--------------+------------+----------+
| |RTL Partition |Replication |Instances |
+-+--------------+------------+----------+
+-+--------------+------------+----------+

Report Check Netlist: 
+------+------------------+-------+---------+-------+------------------+
|      |Item              |Errors |Warnings |Status |Description       |
+------+------------------+-------+---------+-------+------------------+
|1     |multi_driven_nets |      0|        0|Passed |Multi driven nets |
+------+------------------+-------+---------+-------+------------------+
---------------------------------------------------------------------------------
Start Rebuilding User Hierarchy
---------------------------------------------------------------------------------
---------------------------------------------------------------------------------
Finished Rebuilding User Hierarchy : Time (s): cpu = 00:00:27 ; elapsed = 00:00:46 . Memory (MB): peak = 3085.062 ; gain = 705.145 ; free physical = 98466 ; free virtual = 117825
---------------------------------------------------------------------------------
---------------------------------------------------------------------------------
Start Renaming Generated Ports
---------------------------------------------------------------------------------
---------------------------------------------------------------------------------
Finished Renaming Generated Ports : Time (s): cpu = 00:00:27 ; elapsed = 00:00:46 . Memory (MB): peak = 3085.062 ; gain = 705.145 ; free physical = 98466 ; free virtual = 117825
---------------------------------------------------------------------------------
---------------------------------------------------------------------------------
Start Handling Custom Attributes
---------------------------------------------------------------------------------
---------------------------------------------------------------------------------
Finished Handling Custom Attributes : Time (s): cpu = 00:00:27 ; elapsed = 00:00:46 . Memory (MB): peak = 3085.062 ; gain = 705.145 ; free physical = 98466 ; free virtual = 117825
---------------------------------------------------------------------------------
---------------------------------------------------------------------------------
Start Renaming Generated Nets
---------------------------------------------------------------------------------
---------------------------------------------------------------------------------
Finished Renaming Generated Nets : Time (s): cpu = 00:00:27 ; elapsed = 00:00:46 . Memory (MB): peak = 3085.062 ; gain = 705.145 ; free physical = 98466 ; free virtual = 117825
---------------------------------------------------------------------------------
---------------------------------------------------------------------------------
Start Writing Synthesis Report
---------------------------------------------------------------------------------

Report BlackBoxes: 
+-+--------------+----------+
| |BlackBox name |Instances |
+-+--------------+----------+
+-+--------------+----------+

Report Cell Usage: 
+------+------+------+
|      |Cell  |Count |
+------+------+------+
|1     |LUT1  |     5|
|2     |LUT2  |     9|
|3     |LUT3  |     1|
|4     |LUT4  |     6|
|5     |LUT5  |     3|
|6     |LUT6  |     1|
|7     |SRL16 |     1|
|8     |FDR   |     8|
|9     |FDRE  |    28|
|10    |FDSE  |     4|
+------+------+------+

Report Instance Areas: 
+------+----------------------------------+---------------+------+
|      |Instance                          |Module         |Cells |
+------+----------------------------------+---------------+------+
|1     |top                               |               |    66|
|2     |  U0                              |proc_sys_reset |    66|
|3     |    EXT_LPF                       |lpf            |    23|
|4     |      \ACTIVE_LOW_AUX.ACT_LO_AUX  |cdc_sync       |     6|
|5     |      \ACTIVE_LOW_EXT.ACT_LO_EXT  |cdc_sync_0     |     6|
|6     |    SEQ                           |sequence_psr   |    38|
|7     |      SEQ_COUNTER                 |upcnt_n        |    13|
+------+----------------------------------+---------------+------+
---------------------------------------------------------------------------------
Finished Writing Synthesis Report : Time (s): cpu = 00:00:27 ; elapsed = 00:00:46 . Memory (MB): peak = 3085.062 ; gain = 705.145 ; free physical = 98465 ; free virtual = 117825
---------------------------------------------------------------------------------
Synthesis finished with 0 errors, 0 critical warnings and 4 warnings.
Synthesis Optimization Runtime : Time (s): cpu = 00:00:23 ; elapsed = 00:00:39 . Memory (MB): peak = 3085.062 ; gain = 535.395 ; free physical = 98612 ; free virtual = 117972
Synthesis Optimization Complete : Time (s): cpu = 00:00:27 ; elapsed = 00:00:46 . Memory (MB): peak = 3085.070 ; gain = 705.145 ; free physical = 98614 ; free virtual = 117974
INFO: [Project 1-571] Translating synthesized netlist
Netlist sorting complete. Time (s): cpu = 00:00:00 ; elapsed = 00:00:00.01 . Memory (MB): peak = 3085.070 ; gain = 0.000 ; free physical = 98595 ; free virtual = 117954
INFO: [Netlist 29-17] Analyzing 9 Unisim elements for replacement
INFO: [Netlist 29-28] Unisim Transformation completed in 0 CPU seconds
INFO: [Project 1-570] Preparing netlist for logic optimization
INFO: [Opt 31-138] Pushed 0 inverter(s) to 0 load pin(s).
Netlist sorting complete. Time (s): cpu = 00:00:00 ; elapsed = 00:00:00 . Memory (MB): peak = 3141.828 ; gain = 0.000 ; free physical = 98659 ; free virtual = 118019
INFO: [Project 1-111] Unisim Transformation Summary:
  A total of 9 instances were transformed.
  FDR => FDRE: 8 instances
  SRL16 => SRL16E: 1 instance 

INFO: [Common 17-83] Releasing license: Synthesis
44 Infos, 9 Warnings, 0 Critical Warnings and 0 Errors encountered.
synth_design completed successfully
synth_design: Time (s): cpu = 00:00:35 ; elapsed = 00:01:00 . Memory (MB): peak = 3141.828 ; gain = 1579.938 ; free physical = 99147 ; free virtual = 118507
Netlist sorting complete. Time (s): cpu = 00:00:00 ; elapsed = 00:00:00 . Memory (MB): peak = 3141.828 ; gain = 0.000 ; free physical = 99155 ; free virtual = 118515
WARNING: [Constraints 18-5210] No constraints selected for write.
Resolution: This message can indicate that there are no constraints for the design, or it can indicate that the used_in flags are set such that the constraints are ignored. This later case is used when running synth_design to not write synthesis constraints to the resulting checkpoint. Instead, project constraints are read when the synthesized design is opened.
INFO: [Common 17-1381] The checkpoint '/mnt/500GB/home/steve/TCN/ultra/ultra/ultra.runs/ultra_psr_clk3_100_0_synth_1/ultra_psr_clk3_100_0.dcp' has been generated.
WARNING: [Common 17-576] 'use_project_ipc' is deprecated. This option is deprecated and no longer used.
INFO: [Coretcl 2-1648] Added synthesis output to IP cache for IP ultra_psr_clk3_100_0, cache-ID = 8c033088566ac09b
INFO: [Coretcl 2-1174] Renamed 6 cell refs.
Netlist sorting complete. Time (s): cpu = 00:00:00 ; elapsed = 00:00:00 . Memory (MB): peak = 3165.840 ; gain = 0.000 ; free physical = 99189 ; free virtual = 118550
WARNING: [Constraints 18-5210] No constraints selected for write.
Resolution: This message can indicate that there are no constraints for the design, or it can indicate that the used_in flags are set such that the constraints are ignored. This later case is used when running synth_design to not write synthesis constraints to the resulting checkpoint. Instead, project constraints are read when the synthesized design is opened.
INFO: [Common 17-1381] The checkpoint '/mnt/500GB/home/steve/TCN/ultra/ultra/ultra.runs/ultra_psr_clk3_100_0_synth_1/ultra_psr_clk3_100_0.dcp' has been generated.
INFO: [runtcl-4] Executing : report_utilization -file ultra_psr_clk3_100_0_utilization_synth.rpt -pb ultra_psr_clk3_100_0_utilization_synth.pb
INFO: [Common 17-206] Exiting Vivado at Wed Sep  9 15:08:30 2020...
