Copyright 1986-2019 Xilinx, Inc. All Rights Reserved.
-------------------------------------------------------------------------------------------------------------------------------------------------------------
| Tool Version     : Vivado v.2019.2.1 (lin64) Build 2729669 Thu Dec  5 04:48:12 MST 2019
| Date             : Wed Sep  9 15:13:47 2020
| Host             : RezaLabPC running 64-bit Ubuntu 18.04.5 LTS
| Command          : report_power -file ultra_wrapper_power_routed.rpt -pb ultra_wrapper_power_summary_routed.pb -rpx ultra_wrapper_power_routed.rpx
| Design           : ultra_wrapper
| Device           : xczu3eg-sbva484-1-i
| Design State     : routed
| Grade            : industrial
| Process          : typical
| Characterization : Production
-------------------------------------------------------------------------------------------------------------------------------------------------------------

Power Report

Table of Contents
-----------------
1. Summary
1.1 On-Chip Components
1.2 Power Supply Summary
1.3 Confidence Level
2. Settings
2.1 Environment
2.2 Clock Constraints
3. Detailed Reports
3.1 By Hierarchy

1. Summary
----------

+--------------------------+--------------+
| Total On-Chip Power (W)  | 2.084        |
| Design Power Budget (W)  | Unspecified* |
| Power Budget Margin (W)  | NA           |
| Dynamic (W)              | 1.769        |
| Device Static (W)        | 0.316        |
| Effective TJA (C/W)      | 2.7          |
| Max Ambient (C)          | 94.3         |
| Junction Temperature (C) | 30.7         |
| Confidence Level         | High         |
| Setting File             | ---          |
| Simulation Activity File | ---          |
| Design Nets Matched      | NA           |
+--------------------------+--------------+
* Specify Design Power Budget using, set_operating_conditions -design_power_budget <value in Watts>


1.1 On-Chip Components
----------------------

+--------------+-----------+----------+-----------+-----------------+
| On-Chip      | Power (W) | Used     | Available | Utilization (%) |
+--------------+-----------+----------+-----------+-----------------+
| Clocks       |     0.000 |        6 |       --- |             --- |
| CLB Logic    |     0.000 |        7 |       --- |             --- |
|   Others     |     0.000 |        7 |       --- |             --- |
| PS8          |     1.769 |        1 |       --- |             --- |
| Static Power |     0.316 |          |           |                 |
|   PS Static  |     0.100 |          |           |                 |
|   PL Static  |     0.215 |          |           |                 |
| Total        |     2.084 |          |           |                 |
+--------------+-----------+----------+-----------+-----------------+


1.2 Power Supply Summary
------------------------

+-----------------+-------------+-----------+-------------+------------+-------------+------------+
| Source          | Voltage (V) | Total (A) | Dynamic (A) | Static (A) | Budget (A)  | Margin (A) |
+-----------------+-------------+-----------+-------------+------------+-------------+------------+
| Vccint          |       0.850 |     0.054 |       0.000 |      0.054 | Unspecified | NA         |
| Vccint_io       |       0.850 |     0.027 |       0.000 |      0.027 | Unspecified | NA         |
| Vccbram         |       0.850 |     0.001 |       0.000 |      0.001 | Unspecified | NA         |
| Vccaux          |       1.800 |     0.048 |       0.000 |      0.048 | Unspecified | NA         |
| Vccaux_io       |       1.800 |     0.025 |       0.000 |      0.025 | Unspecified | NA         |
| Vcco33          |       3.300 |     0.000 |       0.000 |      0.000 | Unspecified | NA         |
| Vcco25          |       2.500 |     0.000 |       0.000 |      0.000 | Unspecified | NA         |
| Vcco18          |       1.800 |     0.000 |       0.000 |      0.000 | Unspecified | NA         |
| Vcco15          |       1.500 |     0.000 |       0.000 |      0.000 | Unspecified | NA         |
| Vcco135         |       1.350 |     0.000 |       0.000 |      0.000 | Unspecified | NA         |
| Vcco12          |       1.200 |     0.000 |       0.000 |      0.000 | Unspecified | NA         |
| Vcco10          |       1.000 |     0.000 |       0.000 |      0.000 | Unspecified | NA         |
| Vccadc          |       1.800 |     0.008 |       0.000 |      0.008 | Unspecified | NA         |
| VCC_PSINTFP     |       0.850 |     0.967 |       0.930 |      0.037 | Unspecified | NA         |
| VCC_PSINTLP     |       0.850 |     0.316 |       0.309 |      0.007 | Unspecified | NA         |
| VPS_MGTRAVCC    |       0.850 |     0.135 |       0.134 |      0.001 | Unspecified | NA         |
| VCC_PSINTFP_DDR |       0.850 |     0.268 |       0.263 |      0.005 | Unspecified | NA         |
| VCC_PSPLL       |       1.200 |     0.051 |       0.049 |      0.002 | Unspecified | NA         |
| VPS_MGTRAVTT    |       1.800 |     0.034 |       0.033 |      0.001 | Unspecified | NA         |
| VCCO_PSDDR_504  |       1.200 |     0.249 |       0.215 |      0.034 | Unspecified | NA         |
| VCC_PSAUX       |       1.800 |     0.002 |       0.000 |      0.002 | Unspecified | NA         |
| VCC_PSBATT      |       1.200 |     0.000 |       0.000 |      0.000 | Unspecified | NA         |
| VCC_PSDDR_PLL   |       1.800 |     0.001 |       0.000 |      0.001 | Unspecified | NA         |
| VCCO_PSIO0_500  |       1.800 |     0.001 |       0.000 |      0.001 | Unspecified | NA         |
| VCCO_PSIO1_501  |       1.800 |     0.001 |       0.000 |      0.001 | Unspecified | NA         |
| VCCO_PSIO2_502  |       1.800 |     0.001 |       0.000 |      0.001 | Unspecified | NA         |
| VCCO_PSIO3_503  |       1.800 |     0.001 |       0.000 |      0.001 | Unspecified | NA         |
| VCC_PSADC       |       1.800 |     0.002 |       0.000 |      0.002 | Unspecified | NA         |
+-----------------+-------------+-----------+-------------+------------+-------------+------------+


1.3 Confidence Level
--------------------

+-----------------------------+------------+------------------------------------------------+--------+
| User Input Data             | Confidence | Details                                        | Action |
+-----------------------------+------------+------------------------------------------------+--------+
| Design implementation state | High       | Design is routed                               |        |
| Clock nodes activity        | High       | User specified more than 95% of clocks         |        |
| I/O nodes activity          | High       | User specified more than 95% of inputs         |        |
| Internal nodes activity     | High       | User specified more than 25% of internal nodes |        |
| Device models               | High       | Device models are Production                   |        |
|                             |            |                                                |        |
| Overall confidence level    | High       |                                                |        |
+-----------------------------+------------+------------------------------------------------+--------+


2. Settings
-----------

2.1 Environment
---------------

+-----------------------+--------------------------+
| Ambient Temp (C)      | 25.0                     |
| ThetaJA (C/W)         | 2.7                      |
| Airflow (LFM)         | 250                      |
| Heat Sink             | medium (Medium Profile)  |
| ThetaSA (C/W)         | 8.8                      |
| Board Selection       | medium (10"x10")         |
| # of Board Layers     | 12to15 (12 to 15 Layers) |
| Board Temperature (C) | 25.0                     |
+-----------------------+--------------------------+


2.2 Clock Constraints
---------------------

+-------+--------+-----------------+
| Clock | Domain | Constraint (ns) |
+-------+--------+-----------------+


3. Detailed Reports
-------------------

3.1 By Hierarchy
----------------

+---------------+-----------+
| Name          | Power (W) |
+---------------+-----------+
| ultra_wrapper |     1.769 |
|   ultra_i     |     1.769 |
|     ps_e_0    |     1.769 |
|       inst    |     1.769 |
+---------------+-----------+


